# JRE version: OpenJDK Runtime Environment (11.0.8+10) (build 11.0.8+10-b944.6842174)
# Java VM: OpenJDK 64-Bit Server VM (11.0.8+10-b944.6842174, mixed mode, tiered, compressed oops, g1 gc, windows-amd64)
Heap:
 garbage-first heap   total 507904K, used 164628K [0x0000000080000000, 0x0000000100000000)
  region size 1024K, 27 young (27648K), 7 survivors (7168K)
 Metaspace       used 112392K, capacity 115277K, committed 115452K, reserved 1150976K
  class space    used 13918K, capacity 14926K, committed 14976K, reserved 1048576K
GC Heap History (20 events):
Event: 64.266 GC heap before
{Heap before GC invocations=94 (full 0):
 garbage-first heap   total 507904K, used 386573K [0x0000000080000000, 0x0000000100000000)
  region size 1024K, 297 young (304128K), 20 survivors (20480K)
 Metaspace       used 57888K, capacity 59325K, committed 59516K, reserved 1101824K
  class space    used 7150K, capacity 7591K, committed 7680K, reserved 1048576K
}
Event: 64.278 GC heap after
{Heap after GC invocations=95 (full 0):
 garbage-first heap   total 507904K, used 93116K [0x0000000080000000, 0x0000000100000000)
  region size 1024K, 13 young (13312K), 13 survivors (13312K)
 Metaspace       used 57888K, capacity 59325K, committed 59516K, reserved 1101824K
  class space    used 7150K, capacity 7591K, committed 7680K, reserved 1048576K
}
Event: 66.741 GC heap before
{Heap before GC invocations=95 (full 0):
 garbage-first heap   total 507904K, used 383932K [0x0000000080000000, 0x0000000100000000)
  region size 1024K, 297 young (304128K), 13 survivors (13312K)
 Metaspace       used 57891K, capacity 59325K, committed 59516K, reserved 1101824K
  class space    used 7150K, capacity 7591K, committed 7680K, reserved 1048576K
}
Event: 66.770 GC heap after
{Heap after GC invocations=96 (full 0):
 garbage-first heap   total 507904K, used 104380K [0x0000000080000000, 0x0000000100000000)
  region size 1024K, 25 young (25600K), 25 survivors (25600K)
 Metaspace       used 57891K, capacity 59325K, committed 59516K, reserved 1101824K
  class space    used 7150K, capacity 7591K, committed 7680K, reserved 1048576K
}
Event: 76.401 GC heap before
{Heap before GC invocations=96 (full 0):
 garbage-first heap   total 507904K, used 384955K [0x0000000080000000, 0x0000000100000000)
  region size 1024K, 297 young (304128K), 25 survivors (25600K)
 Metaspace       used 68018K, capacity 69713K, committed 69884K, reserved 1110016K
  class space    used 8430K, capacity 8961K, committed 9088K, reserved 1048576K
}
Event: 76.423 GC heap after
{Heap after GC invocations=97 (full 0):
 garbage-first heap   total 507904K, used 90075K [0x0000000080000000, 0x0000000100000000)
  region size 1024K, 9 young (9216K), 9 survivors (9216K)
 Metaspace       used 68018K, capacity 69713K, committed 69884K, reserved 1110016K
  class space    used 8430K, capacity 8961K, committed 9088K, reserved 1048576K
}
Event: 103.685 GC heap before
{Heap before GC invocations=97 (full 0):
 garbage-first heap   total 507904K, used 386011K [0x0000000080000000, 0x0000000100000000)
  region size 1024K, 297 young (304128K), 9 survivors (9216K)
 Metaspace       used 86186K, capacity 88318K, committed 88444K, reserved 1126400K
  class space    used 10982K, capacity 11658K, committed 11776K, reserved 1048576K
}
Event: 103.785 GC heap after
{Heap after GC invocations=98 (full 0):
 garbage-first heap   total 507904K, used 103888K [0x0000000080000000, 0x0000000100000000)
  region size 1024K, 23 young (23552K), 23 survivors (23552K)
 Metaspace       used 86186K, capacity 88318K, committed 88444K, reserved 1126400K
  class space    used 10982K, capacity 11658K, committed 11776K, reserved 1048576K
}
Event: 112.744 GC heap before
{Heap before GC invocations=98 (full 0):
 garbage-first heap   total 507904K, used 251344K [0x0000000080000000, 0x0000000100000000)
  region size 1024K, 169 young (173056K), 23 survivors (23552K)
 Metaspace       used 96699K, capacity 99104K, committed 99196K, reserved 1136640K
  class space    used 12298K, capacity 13095K, committed 13184K, reserved 1048576K
}
Event: 112.832 GC heap after
{Heap after GC invocations=99 (full 0):
 garbage-first heap   total 507904K, used 110549K [0x0000000080000000, 0x0000000100000000)
  region size 1024K, 21 young (21504K), 21 survivors (21504K)
 Metaspace       used 96699K, capacity 99104K, committed 99196K, reserved 1136640K
  class space    used 12298K, capacity 13095K, committed 13184K, reserved 1048576K
}
Event: 122.750 GC heap before
{Heap before GC invocations=100 (full 0):
 garbage-first heap   total 507904K, used 393173K [0x0000000080000000, 0x0000000100000000)
  region size 1024K, 297 young (304128K), 21 survivors (21504K)
 Metaspace       used 98631K, capacity 101027K, committed 101116K, reserved 1136640K
  class space    used 12439K, capacity 13240K, committed 13312K, reserved 1048576K
}
Event: 122.825 GC heap after
{Heap after GC invocations=101 (full 0):
 garbage-first heap   total 507904K, used 117193K [0x0000000080000000, 0x0000000100000000)
  region size 1024K, 13 young (13312K), 13 survivors (13312K)
 Metaspace       used 98631K, capacity 101027K, committed 101116K, reserved 1136640K
  class space    used 12439K, capacity 13240K, committed 13312K, reserved 1048576K
}
Event: 299.153 GC heap before
{Heap before GC invocations=101 (full 0):
 garbage-first heap   total 507904K, used 401865K [0x0000000080000000, 0x0000000100000000)
  region size 1024K, 291 young (297984K), 13 survivors (13312K)
 Metaspace       used 111641K, capacity 114597K, committed 114684K, reserved 1148928K
  class space    used 13890K, capacity 14892K, committed 14976K, reserved 1048576K
}
Event: 299.991 GC heap after
{Heap after GC invocations=102 (full 0):
 garbage-first heap   total 507904K, used 121801K [0x0000000080000000, 0x0000000100000000)
  region size 1024K, 19 young (19456K), 19 survivors (19456K)
 Metaspace       used 111641K, capacity 114597K, committed 114684K, reserved 1148928K
  class space    used 13890K, capacity 14892K, committed 14976K, reserved 1048576K
}
Event: 301.387 GC heap before
{Heap before GC invocations=102 (full 0):
 garbage-first heap   total 507904K, used 125897K [0x0000000080000000, 0x0000000100000000)
  region size 1024K, 24 young (24576K), 19 survivors (19456K)
 Metaspace       used 111682K, capacity 114597K, committed 114684K, reserved 1148928K
  class space    used 13890K, capacity 14892K, committed 14976K, reserved 1048576K
}
Event: 301.495 GC heap after
{Heap after GC invocations=103 (full 0):
 garbage-first heap   total 507904K, used 122880K [0x0000000080000000, 0x0000000100000000)
  region size 1024K, 2 young (2048K), 2 survivors (2048K)
 Metaspace       used 111682K, capacity 114597K, committed 114684K, reserved 1148928K
  class space    used 13890K, capacity 14892K, committed 14976K, reserved 1048576K
}
Event: 309.958 GC heap before
{Heap before GC invocations=103 (full 0):
 garbage-first heap   total 507904K, used 178176K [0x0000000080000000, 0x0000000100000000)
  region size 1024K, 54 young (55296K), 2 survivors (2048K)
 Metaspace       used 111952K, capacity 114856K, committed 114940K, reserved 1148928K
  class space    used 13890K, capacity 14892K, committed 14976K, reserved 1048576K
}
Event: 309.999 GC heap after
{Heap after GC invocations=104 (full 0):
 garbage-first heap   total 507904K, used 132608K [0x0000000080000000, 0x0000000100000000)
  region size 1024K, 7 young (7168K), 7 survivors (7168K)
 Metaspace       used 111952K, capacity 114856K, committed 114940K, reserved 1148928K
  class space    used 13890K, capacity 14892K, committed 14976K, reserved 1048576K
}
Event: 315.649 GC heap before
{Heap before GC invocations=104 (full 0):
 garbage-first heap   total 507904K, used 176640K [0x0000000080000000, 0x0000000100000000)
  region size 1024K, 50 young (51200K), 7 survivors (7168K)
 Metaspace       used 112213K, capacity 115117K, committed 115452K, reserved 1150976K
  class space    used 13909K, capacity 14894K, committed 14976K, reserved 1048576K
}
Event: 315.695 GC heap after
{Heap after GC invocations=105 (full 0):
 garbage-first heap   total 507904K, used 140052K [0x0000000080000000, 0x0000000100000000)
  region size 1024K, 7 young (7168K), 7 survivors (7168K)
 Metaspace       used 112213K, capacity 115117K, committed 115452K, reserved 1150976K
  class space    used 13909K, capacity 14894K, committed 14976K, reserved 1048576K
}

