# JRE version: OpenJDK Runtime Environment (11.0.8+10) (build 11.0.8+10-b944.6842174)
# Java VM: OpenJDK 64-Bit Server VM (11.0.8+10-b944.6842174, mixed mode, tiered, compressed oops, g1 gc, windows-amd64)
Heap:
 garbage-first heap   total 781312K, used 125837K [0x0000000080000000, 0x0000000100000000)
  region size 1024K, 2 young (2048K), 2 survivors (2048K)
 Metaspace       used 101002K, capacity 103507K, committed 103808K, reserved 1138688K
  class space    used 12678K, capacity 13616K, committed 13696K, reserved 1048576K
GC Heap History (20 events):
Event: 69.536 GC heap after
{Heap after GC invocations=76 (full 0):
 garbage-first heap   total 291840K, used 113454K [0x0000000080000000, 0x0000000100000000)
  region size 1024K, 9 young (9216K), 9 survivors (9216K)
 Metaspace       used 100652K, capacity 103156K, committed 103296K, reserved 1138688K
  class space    used 12665K, capacity 13576K, committed 13696K, reserved 1048576K
}
Event: 70.482 GC heap before
{Heap before GC invocations=76 (full 0):
 garbage-first heap   total 291840K, used 231214K [0x0000000080000000, 0x0000000100000000)
  region size 1024K, 124 young (126976K), 9 survivors (9216K)
 Metaspace       used 100693K, capacity 103170K, committed 103296K, reserved 1138688K
  class space    used 12666K, capacity 13579K, committed 13696K, reserved 1048576K
}
Event: 70.516 GC heap after
{Heap after GC invocations=77 (full 0):
 garbage-first heap   total 291840K, used 114161K [0x0000000080000000, 0x0000000100000000)
  region size 1024K, 8 young (8192K), 8 survivors (8192K)
 Metaspace       used 100693K, capacity 103170K, committed 103296K, reserved 1138688K
  class space    used 12666K, capacity 13579K, committed 13696K, reserved 1048576K
}
Event: 71.892 GC heap before
{Heap before GC invocations=77 (full 0):
 garbage-first heap   total 291840K, used 234993K [0x0000000080000000, 0x0000000100000000)
  region size 1024K, 126 young (129024K), 8 survivors (8192K)
 Metaspace       used 100720K, capacity 103248K, committed 103552K, reserved 1138688K
  class space    used 12669K, capacity 13583K, committed 13696K, reserved 1048576K
}
Event: 72.036 GC heap after
{Heap after GC invocations=78 (full 0):
 garbage-first heap   total 291840K, used 116209K [0x0000000080000000, 0x0000000100000000)
  region size 1024K, 10 young (10240K), 10 survivors (10240K)
 Metaspace       used 100720K, capacity 103248K, committed 103552K, reserved 1138688K
  class space    used 12669K, capacity 13583K, committed 13696K, reserved 1048576K
}
Event: 73.385 GC heap before
{Heap before GC invocations=78 (full 0):
 garbage-first heap   total 291840K, used 237041K [0x0000000080000000, 0x0000000100000000)
  region size 1024K, 129 young (132096K), 10 survivors (10240K)
 Metaspace       used 100764K, capacity 103285K, committed 103552K, reserved 1138688K
  class space    used 12676K, capacity 13616K, committed 13696K, reserved 1048576K
}
Event: 73.468 GC heap after
{Heap after GC invocations=79 (full 0):
 garbage-first heap   total 291840K, used 115777K [0x0000000080000000, 0x0000000100000000)
  region size 1024K, 8 young (8192K), 8 survivors (8192K)
 Metaspace       used 100764K, capacity 103285K, committed 103552K, reserved 1138688K
  class space    used 12676K, capacity 13616K, committed 13696K, reserved 1048576K
}
Event: 74.246 GC heap before
{Heap before GC invocations=79 (full 0):
 garbage-first heap   total 291840K, used 243777K [0x0000000080000000, 0x0000000100000000)
  region size 1024K, 133 young (136192K), 8 survivors (8192K)
 Metaspace       used 100780K, capacity 103285K, committed 103552K, reserved 1138688K
  class space    used 12676K, capacity 13616K, committed 13696K, reserved 1048576K
}
Event: 74.274 GC heap after
{Heap after GC invocations=80 (full 0):
 garbage-first heap   total 291840K, used 117101K [0x0000000080000000, 0x0000000100000000)
  region size 1024K, 9 young (9216K), 9 survivors (9216K)
 Metaspace       used 100780K, capacity 103285K, committed 103552K, reserved 1138688K
  class space    used 12676K, capacity 13616K, committed 13696K, reserved 1048576K
}
Event: 74.981 GC heap before
{Heap before GC invocations=80 (full 0):
 garbage-first heap   total 291840K, used 246125K [0x0000000080000000, 0x0000000100000000)
  region size 1024K, 135 young (138240K), 9 survivors (9216K)
 Metaspace       used 100800K, capacity 103349K, committed 103552K, reserved 1138688K
  class space    used 12678K, capacity 13616K, committed 13696K, reserved 1048576K
}
Event: 75.112 GC heap after
{Heap after GC invocations=81 (full 0):
 garbage-first heap   total 291840K, used 119426K [0x0000000080000000, 0x0000000100000000)
  region size 1024K, 11 young (11264K), 11 survivors (11264K)
 Metaspace       used 100800K, capacity 103349K, committed 103552K, reserved 1138688K
  class space    used 12678K, capacity 13616K, committed 13696K, reserved 1048576K
}
Event: 76.912 GC heap before
{Heap before GC invocations=81 (full 0):
 garbage-first heap   total 291840K, used 246402K [0x0000000080000000, 0x0000000100000000)
  region size 1024K, 136 young (139264K), 11 survivors (11264K)
 Metaspace       used 100810K, capacity 103349K, committed 103552K, reserved 1138688K
  class space    used 12678K, capacity 13616K, committed 13696K, reserved 1048576K
}
Event: 77.068 GC heap after
{Heap after GC invocations=82 (full 0):
 garbage-first heap   total 451584K, used 119636K [0x0000000080000000, 0x0000000100000000)
  region size 1024K, 8 young (8192K), 8 survivors (8192K)
 Metaspace       used 100810K, capacity 103349K, committed 103552K, reserved 1138688K
  class space    used 12678K, capacity 13616K, committed 13696K, reserved 1048576K
}
Event: 80.847 GC heap before
{Heap before GC invocations=82 (full 0):
 garbage-first heap   total 451584K, used 269140K [0x0000000080000000, 0x0000000100000000)
  region size 1024K, 154 young (157696K), 8 survivors (8192K)
 Metaspace       used 100831K, capacity 103349K, committed 103552K, reserved 1138688K
  class space    used 12678K, capacity 13616K, committed 13696K, reserved 1048576K
}
Event: 80.922 GC heap after
{Heap after GC invocations=83 (full 0):
 garbage-first heap   total 451584K, used 121498K [0x0000000080000000, 0x0000000100000000)
  region size 1024K, 10 young (10240K), 10 survivors (10240K)
 Metaspace       used 100831K, capacity 103349K, committed 103552K, reserved 1138688K
  class space    used 12678K, capacity 13616K, committed 13696K, reserved 1048576K
}
Event: 85.582 GC heap before
{Heap before GC invocations=83 (full 0):
 garbage-first heap   total 451584K, used 281242K [0x0000000080000000, 0x0000000100000000)
  region size 1024K, 165 young (168960K), 10 survivors (10240K)
 Metaspace       used 100984K, capacity 103506K, committed 103808K, reserved 1138688K
  class space    used 12678K, capacity 13616K, committed 13696K, reserved 1048576K
}
Event: 85.925 GC heap after
{Heap after GC invocations=84 (full 0):
 garbage-first heap   total 451584K, used 122129K [0x0000000080000000, 0x0000000100000000)
  region size 1024K, 11 young (11264K), 11 survivors (11264K)
 Metaspace       used 100984K, capacity 103506K, committed 103808K, reserved 1138688K
  class space    used 12678K, capacity 13616K, committed 13696K, reserved 1048576K
}
Event: 90.006 GC heap before
{Heap before GC invocations=84 (full 0):
 garbage-first heap   total 451584K, used 302353K [0x0000000080000000, 0x0000000100000000)
  region size 1024K, 187 young (191488K), 11 survivors (11264K)
 Metaspace       used 101002K, capacity 103507K, committed 103808K, reserved 1138688K
  class space    used 12678K, capacity 13616K, committed 13696K, reserved 1048576K
}
Event: 90.293 GC heap after
{Heap after GC invocations=85 (full 0):
 garbage-first heap   total 451584K, used 125231K [0x0000000080000000, 0x0000000100000000)
  region size 1024K, 14 young (14336K), 14 survivors (14336K)
 Metaspace       used 101002K, capacity 103507K, committed 103808K, reserved 1138688K
  class space    used 12678K, capacity 13616K, committed 13696K, reserved 1048576K
}
Event: 90.849 GC heap before
{Heap before GC invocations=85 (full 0):
 garbage-first heap   total 451584K, used 133423K [0x0000000080000000, 0x0000000100000000)
  region size 1024K, 22 young (22528K), 14 survivors (14336K)
 Metaspace       used 101002K, capacity 103507K, committed 103808K, reserved 1138688K
  class space    used 12678K, capacity 13616K, committed 13696K, reserved 1048576K
}

